ERROR - 2024-04-28 06:49:30 --> mysqli_sql_exception: Table 'everyday.products' doesn't exist in C:\xampp\htdocs\ci4e2\system\Database\MySQLi\Connection.php:308
Stack trace:
#0 C:\xampp\htdocs\ci4e2\system\Database\MySQLi\Connection.php(308): mysqli->query('SELECT * FROM p...', 0)
#1 C:\xampp\htdocs\ci4e2\system\Database\BaseConnection.php(722): CodeIgniter\Database\MySQLi\Connection->execute('SELECT * FROM p...')
#2 C:\xampp\htdocs\ci4e2\system\Database\BaseConnection.php(636): CodeIgniter\Database\BaseConnection->simpleQuery('SELECT * FROM p...')
#3 C:\xampp\htdocs\ci4e2\app\Views\homepage.php(132): CodeIgniter\Database\BaseConnection->query('SELECT * FROM p...')
#4 C:\xampp\htdocs\ci4e2\system\View\View.php(234): include('C:\\xampp\\htdocs...')
#5 C:\xampp\htdocs\ci4e2\system\View\View.php(237): CodeIgniter\View\View->CodeIgniter\View\{closure}()
#6 C:\xampp\htdocs\ci4e2\system\Common.php(1171): CodeIgniter\View\View->render('homepage', Array, true)
#7 C:\xampp\htdocs\ci4e2\app\Controllers\Home.php(13): view('homepage')
#8 C:\xampp\htdocs\ci4e2\system\CodeIgniter.php(933): App\Controllers\Home->home()
#9 C:\xampp\htdocs\ci4e2\system\CodeIgniter.php(509): CodeIgniter\CodeIgniter->runController(Object(App\Controllers\Home))
#10 C:\xampp\htdocs\ci4e2\system\CodeIgniter.php(355): CodeIgniter\CodeIgniter->handleRequest(NULL, Object(Config\Cache), false)
#11 C:\xampp\htdocs\ci4e2\system\Boot.php(312): CodeIgniter\CodeIgniter->run()
#12 C:\xampp\htdocs\ci4e2\system\Boot.php(67): CodeIgniter\Boot::runCodeIgniter(Object(CodeIgniter\CodeIgniter))
#13 C:\xampp\htdocs\ci4e2\public\index.php(56): CodeIgniter\Boot::bootWeb(Object(Config\Paths))
#14 {main}
CRITICAL - 2024-04-28 06:49:30 --> CodeIgniter\Database\Exceptions\DatabaseException: Table 'everyday.products' doesn't exist
[Method: GET, Route: home/home]
in SYSTEMPATH\Database\BaseConnection.php on line 676.
 1 APPPATH\Views\homepage.php(132): CodeIgniter\Database\BaseConnection->query('SELECT * FROM products')
 2 SYSTEMPATH\View\View.php(234): include('C:\\xampp\\htdocs\\ci4e2\\app\\Views\\homepage.php')
 3 SYSTEMPATH\View\View.php(237): CodeIgniter\View\View->CodeIgniter\View\{closure}()
 4 SYSTEMPATH\Common.php(1171): CodeIgniter\View\View->render('homepage', [], true)
 5 APPPATH\Controllers\Home.php(13): view('homepage')
 6 SYSTEMPATH\CodeIgniter.php(933): App\Controllers\Home->home()
 7 SYSTEMPATH\CodeIgniter.php(509): CodeIgniter\CodeIgniter->runController(Object(App\Controllers\Home))
 8 SYSTEMPATH\CodeIgniter.php(355): CodeIgniter\CodeIgniter->handleRequest(null, Object(Config\Cache), false)
 9 SYSTEMPATH\Boot.php(312): CodeIgniter\CodeIgniter->run()
10 SYSTEMPATH\Boot.php(67): CodeIgniter\Boot::runCodeIgniter(Object(CodeIgniter\CodeIgniter))
11 FCPATH\index.php(56): CodeIgniter\Boot::bootWeb(Object(Config\Paths))
CRITICAL - 2024-04-28 06:49:30 --> [Caused by] CodeIgniter\Database\Exceptions\DatabaseException: Table 'everyday.products' doesn't exist
in SYSTEMPATH\Database\MySQLi\Connection.php on line 313.
 1 SYSTEMPATH\Database\BaseConnection.php(722): CodeIgniter\Database\MySQLi\Connection->execute('SELECT * FROM products')
 2 SYSTEMPATH\Database\BaseConnection.php(636): CodeIgniter\Database\BaseConnection->simpleQuery('SELECT * FROM products')
 3 APPPATH\Views\homepage.php(132): CodeIgniter\Database\BaseConnection->query('SELECT * FROM products')
 4 SYSTEMPATH\View\View.php(234): include('C:\\xampp\\htdocs\\ci4e2\\app\\Views\\homepage.php')
 5 SYSTEMPATH\View\View.php(237): CodeIgniter\View\View->CodeIgniter\View\{closure}()
 6 SYSTEMPATH\Common.php(1171): CodeIgniter\View\View->render('homepage', [], true)
 7 APPPATH\Controllers\Home.php(13): view('homepage')
 8 SYSTEMPATH\CodeIgniter.php(933): App\Controllers\Home->home()
 9 SYSTEMPATH\CodeIgniter.php(509): CodeIgniter\CodeIgniter->runController(Object(App\Controllers\Home))
10 SYSTEMPATH\CodeIgniter.php(355): CodeIgniter\CodeIgniter->handleRequest(null, Object(Config\Cache), false)
11 SYSTEMPATH\Boot.php(312): CodeIgniter\CodeIgniter->run()
12 SYSTEMPATH\Boot.php(67): CodeIgniter\Boot::runCodeIgniter(Object(CodeIgniter\CodeIgniter))
13 FCPATH\index.php(56): CodeIgniter\Boot::bootWeb(Object(Config\Paths))
CRITICAL - 2024-04-28 06:49:30 --> [Caused by] mysqli_sql_exception: Table 'everyday.products' doesn't exist
in SYSTEMPATH\Database\MySQLi\Connection.php on line 308.
 1 SYSTEMPATH\Database\MySQLi\Connection.php(308): mysqli->query('SELECT * FROM products', 0)
 2 SYSTEMPATH\Database\BaseConnection.php(722): CodeIgniter\Database\MySQLi\Connection->execute('SELECT * FROM products')
 3 SYSTEMPATH\Database\BaseConnection.php(636): CodeIgniter\Database\BaseConnection->simpleQuery('SELECT * FROM products')
 4 APPPATH\Views\homepage.php(132): CodeIgniter\Database\BaseConnection->query('SELECT * FROM products')
 5 SYSTEMPATH\View\View.php(234): include('C:\\xampp\\htdocs\\ci4e2\\app\\Views\\homepage.php')
 6 SYSTEMPATH\View\View.php(237): CodeIgniter\View\View->CodeIgniter\View\{closure}()
 7 SYSTEMPATH\Common.php(1171): CodeIgniter\View\View->render('homepage', [], true)
 8 APPPATH\Controllers\Home.php(13): view('homepage')
 9 SYSTEMPATH\CodeIgniter.php(933): App\Controllers\Home->home()
10 SYSTEMPATH\CodeIgniter.php(509): CodeIgniter\CodeIgniter->runController(Object(App\Controllers\Home))
11 SYSTEMPATH\CodeIgniter.php(355): CodeIgniter\CodeIgniter->handleRequest(null, Object(Config\Cache), false)
12 SYSTEMPATH\Boot.php(312): CodeIgniter\CodeIgniter->run()
13 SYSTEMPATH\Boot.php(67): CodeIgniter\Boot::runCodeIgniter(Object(CodeIgniter\CodeIgniter))
14 FCPATH\index.php(56): CodeIgniter\Boot::bootWeb(Object(Config\Paths))
CRITICAL - 2024-04-28 06:53:23 --> ErrorException: Undefined array key "image"
[Method: GET, Route: home/home]
in APPPATH\Views\homepage.php on line 147.
 1 APPPATH\Views\homepage.php(147): CodeIgniter\Debug\Exceptions->errorHandler(2, 'Undefined array key "image"', 'C:\\xampp\\htdocs\\ci4e2\\app\\Views\\homepage.php', 147)
 2 SYSTEMPATH\View\View.php(234): include('C:\\xampp\\htdocs\\ci4e2\\app\\Views\\homepage.php')
 3 SYSTEMPATH\View\View.php(237): CodeIgniter\View\View->CodeIgniter\View\{closure}()
 4 SYSTEMPATH\Common.php(1171): CodeIgniter\View\View->render('homepage', [], true)
 5 APPPATH\Controllers\Home.php(13): view('homepage')
 6 SYSTEMPATH\CodeIgniter.php(933): App\Controllers\Home->home()
 7 SYSTEMPATH\CodeIgniter.php(509): CodeIgniter\CodeIgniter->runController(Object(App\Controllers\Home))
 8 SYSTEMPATH\CodeIgniter.php(355): CodeIgniter\CodeIgniter->handleRequest(null, Object(Config\Cache), false)
 9 SYSTEMPATH\Boot.php(312): CodeIgniter\CodeIgniter->run()
10 SYSTEMPATH\Boot.php(67): CodeIgniter\Boot::runCodeIgniter(Object(CodeIgniter\CodeIgniter))
11 FCPATH\index.php(56): CodeIgniter\Boot::bootWeb(Object(Config\Paths))
CRITICAL - 2024-04-28 06:54:14 --> ErrorException: Undefined array key "name"
[Method: GET, Route: home/home]
in APPPATH\Views\homepage.php on line 147.
 1 APPPATH\Views\homepage.php(147): CodeIgniter\Debug\Exceptions->errorHandler(2, 'Undefined array key "name"', 'C:\\xampp\\htdocs\\ci4e2\\app\\Views\\homepage.php', 147)
 2 SYSTEMPATH\View\View.php(234): include('C:\\xampp\\htdocs\\ci4e2\\app\\Views\\homepage.php')
 3 SYSTEMPATH\View\View.php(237): CodeIgniter\View\View->CodeIgniter\View\{closure}()
 4 SYSTEMPATH\Common.php(1171): CodeIgniter\View\View->render('homepage', [], true)
 5 APPPATH\Controllers\Home.php(13): view('homepage')
 6 SYSTEMPATH\CodeIgniter.php(933): App\Controllers\Home->home()
 7 SYSTEMPATH\CodeIgniter.php(509): CodeIgniter\CodeIgniter->runController(Object(App\Controllers\Home))
 8 SYSTEMPATH\CodeIgniter.php(355): CodeIgniter\CodeIgniter->handleRequest(null, Object(Config\Cache), false)
 9 SYSTEMPATH\Boot.php(312): CodeIgniter\CodeIgniter->run()
10 SYSTEMPATH\Boot.php(67): CodeIgniter\Boot::runCodeIgniter(Object(CodeIgniter\CodeIgniter))
11 FCPATH\index.php(56): CodeIgniter\Boot::bootWeb(Object(Config\Paths))
CRITICAL - 2024-04-28 06:56:33 --> ErrorException: Undefined array key "product_description"
[Method: GET, Route: home/home]
in APPPATH\Views\homepage.php on line 148.
 1 APPPATH\Views\homepage.php(148): CodeIgniter\Debug\Exceptions->errorHandler(2, 'Undefined array key "product_description"', 'C:\\xampp\\htdocs\\ci4e2\\app\\Views\\homepage.php', 148)
 2 SYSTEMPATH\View\View.php(234): include('C:\\xampp\\htdocs\\ci4e2\\app\\Views\\homepage.php')
 3 SYSTEMPATH\View\View.php(237): CodeIgniter\View\View->CodeIgniter\View\{closure}()
 4 SYSTEMPATH\Common.php(1171): CodeIgniter\View\View->render('homepage', [], true)
 5 APPPATH\Controllers\Home.php(13): view('homepage')
 6 SYSTEMPATH\CodeIgniter.php(933): App\Controllers\Home->home()
 7 SYSTEMPATH\CodeIgniter.php(509): CodeIgniter\CodeIgniter->runController(Object(App\Controllers\Home))
 8 SYSTEMPATH\CodeIgniter.php(355): CodeIgniter\CodeIgniter->handleRequest(null, Object(Config\Cache), false)
 9 SYSTEMPATH\Boot.php(312): CodeIgniter\CodeIgniter->run()
10 SYSTEMPATH\Boot.php(67): CodeIgniter\Boot::runCodeIgniter(Object(CodeIgniter\CodeIgniter))
11 FCPATH\index.php(56): CodeIgniter\Boot::bootWeb(Object(Config\Paths))
CRITICAL - 2024-04-28 07:10:20 --> ErrorException: Undefined array key ""
[Method: GET, Route: home/home]
in APPPATH\Views\homepage.php on line 149.
 1 APPPATH\Views\homepage.php(149): CodeIgniter\Debug\Exceptions->errorHandler(2, 'Undefined array key ""', 'C:\\xampp\\htdocs\\ci4e2\\app\\Views\\homepage.php', 149)
 2 SYSTEMPATH\View\View.php(234): include('C:\\xampp\\htdocs\\ci4e2\\app\\Views\\homepage.php')
 3 SYSTEMPATH\View\View.php(237): CodeIgniter\View\View->CodeIgniter\View\{closure}()
 4 SYSTEMPATH\Common.php(1171): CodeIgniter\View\View->render('homepage', [], true)
 5 APPPATH\Controllers\Home.php(13): view('homepage')
 6 SYSTEMPATH\CodeIgniter.php(933): App\Controllers\Home->home()
 7 SYSTEMPATH\CodeIgniter.php(509): CodeIgniter\CodeIgniter->runController(Object(App\Controllers\Home))
 8 SYSTEMPATH\CodeIgniter.php(355): CodeIgniter\CodeIgniter->handleRequest(null, Object(Config\Cache), false)
 9 SYSTEMPATH\Boot.php(312): CodeIgniter\CodeIgniter->run()
10 SYSTEMPATH\Boot.php(67): CodeIgniter\Boot::runCodeIgniter(Object(CodeIgniter\CodeIgniter))
11 FCPATH\index.php(56): CodeIgniter\Boot::bootWeb(Object(Config\Paths))
CRITICAL - 2024-04-28 10:09:39 --> ErrorException: Undefined variable $products
[Method: GET, Route: home/home]
in APPPATH\Views\homepage.php on line 137.
 1 APPPATH\Views\homepage.php(137): CodeIgniter\Debug\Exceptions->errorHandler(2, 'Undefined variable $products', 'C:\\xampp\\htdocs\\ci4e2\\app\\Views\\homepage.php', 137)
 2 SYSTEMPATH\View\View.php(234): include('C:\\xampp\\htdocs\\ci4e2\\app\\Views\\homepage.php')
 3 SYSTEMPATH\View\View.php(237): CodeIgniter\View\View->CodeIgniter\View\{closure}()
 4 SYSTEMPATH\Common.php(1171): CodeIgniter\View\View->render('homepage', [], true)
 5 APPPATH\Controllers\Home.php(13): view('homepage')
 6 SYSTEMPATH\CodeIgniter.php(933): App\Controllers\Home->home()
 7 SYSTEMPATH\CodeIgniter.php(509): CodeIgniter\CodeIgniter->runController(Object(App\Controllers\Home))
 8 SYSTEMPATH\CodeIgniter.php(355): CodeIgniter\CodeIgniter->handleRequest(null, Object(Config\Cache), false)
 9 SYSTEMPATH\Boot.php(312): CodeIgniter\CodeIgniter->run()
10 SYSTEMPATH\Boot.php(67): CodeIgniter\Boot::runCodeIgniter(Object(CodeIgniter\CodeIgniter))
11 FCPATH\index.php(56): CodeIgniter\Boot::bootWeb(Object(Config\Paths))
CRITICAL - 2024-04-28 10:13:41 --> ParseError: Unmatched '}'
[Method: GET, Route: home/home]
in APPPATH\Controllers\Home.php on line 36.
 1 SYSTEMPATH\Router\Router.php(562): CodeIgniter\Router\AutoRouter->getRoute('home/home', 'GET')
 2 SYSTEMPATH\Router\Router.php(227): CodeIgniter\Router\Router->autoRoute('home/home')
 3 SYSTEMPATH\CodeIgniter.php(834): CodeIgniter\Router\Router->handle('home/home')
 4 SYSTEMPATH\CodeIgniter.php(457): CodeIgniter\CodeIgniter->tryToRouteIt(Object(CodeIgniter\Router\RouteCollection))
 5 SYSTEMPATH\CodeIgniter.php(355): CodeIgniter\CodeIgniter->handleRequest(null, Object(Config\Cache), false)
 6 SYSTEMPATH\Boot.php(312): CodeIgniter\CodeIgniter->run()
 7 SYSTEMPATH\Boot.php(67): CodeIgniter\Boot::runCodeIgniter(Object(CodeIgniter\CodeIgniter))
 8 FCPATH\index.php(56): CodeIgniter\Boot::bootWeb(Object(Config\Paths))
CRITICAL - 2024-04-28 10:13:52 --> ErrorException: Undefined property: CodeIgniter\View\View::$db
[Method: GET, Route: home/inventory]
in APPPATH\Views\inventory.php on line 21.
 1 APPPATH\Views\inventory.php(21): CodeIgniter\Debug\Exceptions->errorHandler(2, 'Undefined property: CodeIgniter\\View\\View::$db', 'C:\\xampp\\htdocs\\ci4e2\\app\\Views\\inventory.php', 21)
 2 SYSTEMPATH\View\View.php(234): include('C:\\xampp\\htdocs\\ci4e2\\app\\Views\\inventory.php')
 3 SYSTEMPATH\View\View.php(237): CodeIgniter\View\View->CodeIgniter\View\{closure}()
 4 SYSTEMPATH\Common.php(1171): CodeIgniter\View\View->render('inventory', [], true)
 5 APPPATH\Controllers\Home.php(33): view('inventory')
 6 SYSTEMPATH\CodeIgniter.php(933): App\Controllers\Home->inventory()
 7 SYSTEMPATH\CodeIgniter.php(509): CodeIgniter\CodeIgniter->runController(Object(App\Controllers\Home))
 8 SYSTEMPATH\CodeIgniter.php(355): CodeIgniter\CodeIgniter->handleRequest(null, Object(Config\Cache), false)
 9 SYSTEMPATH\Boot.php(312): CodeIgniter\CodeIgniter->run()
10 SYSTEMPATH\Boot.php(67): CodeIgniter\Boot::runCodeIgniter(Object(CodeIgniter\CodeIgniter))
11 FCPATH\index.php(56): CodeIgniter\Boot::bootWeb(Object(Config\Paths))
CRITICAL - 2024-04-28 10:14:30 --> ErrorException: Attempt to read property "product_id" on array
[Method: GET, Route: home/inventory]
in APPPATH\Views\inventory.php on line 45.
 1 APPPATH\Views\inventory.php(45): CodeIgniter\Debug\Exceptions->errorHandler(2, 'Attempt to read property "product_id" on array', 'C:\\xampp\\htdocs\\ci4e2\\app\\Views\\inventory.php', 45)
 2 SYSTEMPATH\View\View.php(234): include('C:\\xampp\\htdocs\\ci4e2\\app\\Views\\inventory.php')
 3 SYSTEMPATH\View\View.php(237): CodeIgniter\View\View->CodeIgniter\View\{closure}()
 4 SYSTEMPATH\Common.php(1171): CodeIgniter\View\View->render('inventory', [], true)
 5 APPPATH\Controllers\Home.php(33): view('inventory')
 6 SYSTEMPATH\CodeIgniter.php(933): App\Controllers\Home->inventory()
 7 SYSTEMPATH\CodeIgniter.php(509): CodeIgniter\CodeIgniter->runController(Object(App\Controllers\Home))
 8 SYSTEMPATH\CodeIgniter.php(355): CodeIgniter\CodeIgniter->handleRequest(null, Object(Config\Cache), false)
 9 SYSTEMPATH\Boot.php(312): CodeIgniter\CodeIgniter->run()
10 SYSTEMPATH\Boot.php(67): CodeIgniter\Boot::runCodeIgniter(Object(CodeIgniter\CodeIgniter))
11 FCPATH\index.php(56): CodeIgniter\Boot::bootWeb(Object(Config\Paths))
CRITICAL - 2024-04-28 10:14:43 --> ErrorException: Undefined property: CodeIgniter\View\View::$db
[Method: GET, Route: home/inventory]
in APPPATH\Views\inventory.php on line 24.
 1 APPPATH\Views\inventory.php(24): CodeIgniter\Debug\Exceptions->errorHandler(2, 'Undefined property: CodeIgniter\\View\\View::$db', 'C:\\xampp\\htdocs\\ci4e2\\app\\Views\\inventory.php', 24)
 2 SYSTEMPATH\View\View.php(234): include('C:\\xampp\\htdocs\\ci4e2\\app\\Views\\inventory.php')
 3 SYSTEMPATH\View\View.php(237): CodeIgniter\View\View->CodeIgniter\View\{closure}()
 4 SYSTEMPATH\Common.php(1171): CodeIgniter\View\View->render('inventory', [], true)
 5 APPPATH\Controllers\Home.php(33): view('inventory')
 6 SYSTEMPATH\CodeIgniter.php(933): App\Controllers\Home->inventory()
 7 SYSTEMPATH\CodeIgniter.php(509): CodeIgniter\CodeIgniter->runController(Object(App\Controllers\Home))
 8 SYSTEMPATH\CodeIgniter.php(355): CodeIgniter\CodeIgniter->handleRequest(null, Object(Config\Cache), false)
 9 SYSTEMPATH\Boot.php(312): CodeIgniter\CodeIgniter->run()
10 SYSTEMPATH\Boot.php(67): CodeIgniter\Boot::runCodeIgniter(Object(CodeIgniter\CodeIgniter))
11 FCPATH\index.php(56): CodeIgniter\Boot::bootWeb(Object(Config\Paths))
